2026-01-25 00:08:20.3674||INFO|Program|Application starting up 
2026-01-25 00:08:22.1018||INFO|Microsoft.Hosting.Lifetime|Application started. Press Ctrl+C to shut down. 
2026-01-25 00:08:22.1263||INFO|Microsoft.Hosting.Lifetime|Hosting environment: Development 
2026-01-25 00:08:22.1379||INFO|Microsoft.Hosting.Lifetime|Content root path: E:\Rafeek\Rafeek.API 
2026-01-25 02:52:30.2121||INFO|Program|Application starting up 
2026-01-25 02:52:32.0787||ERROR|Program|Application stopped because of exception System.InvalidOperationException: Scheme already exists: Identity.Application
   at Microsoft.AspNetCore.Authentication.AuthenticationOptions.AddScheme(String name, Action`1 configureBuilder)
   at Microsoft.Extensions.Options.OptionsFactory`1.Create(String name)
   at Microsoft.Extensions.Options.UnnamedOptionsManager`1.get_Value()
   at Microsoft.AspNetCore.Authentication.AuthenticationSchemeProvider..ctor(IOptions`1 options, IDictionary`2 schemes)
   at System.RuntimeMethodHandle.InvokeMethod(Object target, Void** arguments, Signature sig, Boolean isConstructor)
   at System.Reflection.MethodBaseInvoker.InvokeDirectByRefWithFewArgs(Object obj, Span`1 copyOfArgs, BindingFlags invokeAttr)
   at System.Reflection.MethodBaseInvoker.InvokeWithOneArg(Object obj, BindingFlags invokeAttr, Binder binder, Object[] parameters, CultureInfo culture)
   at System.Reflection.RuntimeConstructorInfo.Invoke(BindingFlags invokeAttr, Binder binder, Object[] parameters, CultureInfo culture)
   at Microsoft.Extensions.DependencyInjection.ServiceLookup.CallSiteRuntimeResolver.VisitConstructor(ConstructorCallSite constructorCallSite, RuntimeResolverContext context)
   at Microsoft.Extensions.DependencyInjection.ServiceLookup.CallSiteVisitor`2.VisitCallSiteMain(ServiceCallSite callSite, TArgument argument)
   at Microsoft.Extensions.DependencyInjection.ServiceLookup.CallSiteRuntimeResolver.VisitRootCache(ServiceCallSite callSite, RuntimeResolverContext context)
   at Microsoft.Extensions.DependencyInjection.ServiceLookup.CallSiteVisitor`2.VisitCallSite(ServiceCallSite callSite, TArgument argument)
   at Microsoft.Extensions.DependencyInjection.ServiceLookup.CallSiteRuntimeResolver.VisitConstructor(ConstructorCallSite constructorCallSite, RuntimeResolverContext context)
   at Microsoft.Extensions.DependencyInjection.ServiceLookup.CallSiteVisitor`2.VisitCallSiteMain(ServiceCallSite callSite, TArgument argument)
   at Microsoft.Extensions.DependencyInjection.ServiceLookup.CallSiteRuntimeResolver.VisitRootCache(ServiceCallSite callSite, RuntimeResolverContext context)
   at Microsoft.Extensions.DependencyInjection.ServiceLookup.CallSiteVisitor`2.VisitCallSite(ServiceCallSite callSite, TArgument argument)
   at Microsoft.Extensions.DependencyInjection.ServiceLookup.CallSiteRuntimeResolver.Resolve(ServiceCallSite callSite, ServiceProviderEngineScope scope)
   at Microsoft.Extensions.DependencyInjection.ServiceProvider.CreateServiceAccessor(ServiceIdentifier serviceIdentifier)
   at System.Collections.Concurrent.ConcurrentDictionary`2.GetOrAdd(TKey key, Func`2 valueFactory)
   at Microsoft.Extensions.DependencyInjection.ServiceProvider.GetService(ServiceIdentifier serviceIdentifier, ServiceProviderEngineScope serviceProviderEngineScope)
   at Microsoft.Extensions.DependencyInjection.ServiceProvider.GetService(Type serviceType)
   at Microsoft.Extensions.DependencyInjection.ServiceProviderServiceExtensions.GetRequiredService(IServiceProvider provider, Type serviceType)
   at Microsoft.Extensions.DependencyInjection.ServiceProviderServiceExtensions.GetRequiredService[T](IServiceProvider provider)
   at Microsoft.AspNetCore.Builder.WebApplication.get_ServerFeatures()
   at Microsoft.AspNetCore.Builder.WebApplication..ctor(IHost host)
   at Microsoft.AspNetCore.Builder.WebApplicationBuilder.Build()
   at Program.<Main>$(String[] args) in E:\Rafeek\Rafeek.API\Program.cs:line 257
2026-01-25 02:55:49.2855||INFO|Program|Application starting up 
2026-01-25 02:55:50.7833||ERROR|Program|Application stopped because of exception System.ArgumentOutOfRangeException: The new key lifetime must be at least one week. For more information go to https://aka.ms/aspnet/dataprotectionwarning (Parameter 'value')
   at Microsoft.AspNetCore.DataProtection.KeyManagement.KeyManagementOptions.set_NewKeyLifetime(TimeSpan value)
   at Microsoft.Extensions.Options.OptionsFactory`1.Create(String name)
   at Microsoft.Extensions.Options.UnnamedOptionsManager`1.get_Value()
   at Microsoft.AspNetCore.DataProtection.KeyManagement.XmlKeyManager..ctor(IOptions`1 keyManagementOptions, IActivator activator, ILoggerFactory loggerFactory, IDefaultKeyStorageDirectories keyStorageDirectories)
   at Microsoft.AspNetCore.DataProtection.KeyManagement.XmlKeyManager..ctor(IOptions`1 keyManagementOptions, IActivator activator, ILoggerFactory loggerFactory)
   at System.RuntimeMethodHandle.InvokeMethod(Object target, Void** arguments, Signature sig, Boolean isConstructor)
   at System.Reflection.MethodBaseInvoker.InvokeDirectByRefWithFewArgs(Object obj, Span`1 copyOfArgs, BindingFlags invokeAttr)
   at System.Reflection.MethodBaseInvoker.InvokeWithFewArgs(Object obj, BindingFlags invokeAttr, Binder binder, Object[] parameters, CultureInfo culture)
   at System.Reflection.RuntimeConstructorInfo.Invoke(BindingFlags invokeAttr, Binder binder, Object[] parameters, CultureInfo culture)
   at Microsoft.Extensions.DependencyInjection.ServiceLookup.CallSiteRuntimeResolver.VisitConstructor(ConstructorCallSite constructorCallSite, RuntimeResolverContext context)
   at Microsoft.Extensions.DependencyInjection.ServiceLookup.CallSiteVisitor`2.VisitCallSiteMain(ServiceCallSite callSite, TArgument argument)
   at Microsoft.Extensions.DependencyInjection.ServiceLookup.CallSiteRuntimeResolver.VisitRootCache(ServiceCallSite callSite, RuntimeResolverContext context)
   at Microsoft.Extensions.DependencyInjection.ServiceLookup.CallSiteVisitor`2.VisitCallSite(ServiceCallSite callSite, TArgument argument)
   at Microsoft.Extensions.DependencyInjection.ServiceLookup.CallSiteRuntimeResolver.VisitConstructor(ConstructorCallSite constructorCallSite, RuntimeResolverContext context)
   at Microsoft.Extensions.DependencyInjection.ServiceLookup.CallSiteVisitor`2.VisitCallSiteMain(ServiceCallSite callSite, TArgument argument)
   at Microsoft.Extensions.DependencyInjection.ServiceLookup.CallSiteRuntimeResolver.VisitRootCache(ServiceCallSite callSite, RuntimeResolverContext context)
   at Microsoft.Extensions.DependencyInjection.ServiceLookup.CallSiteVisitor`2.VisitCallSite(ServiceCallSite callSite, TArgument argument)
   at Microsoft.Extensions.DependencyInjection.ServiceLookup.CallSiteRuntimeResolver.Resolve(ServiceCallSite callSite, ServiceProviderEngineScope scope)
   at Microsoft.Extensions.DependencyInjection.ServiceProvider.CreateServiceAccessor(ServiceIdentifier serviceIdentifier)
   at System.Collections.Concurrent.ConcurrentDictionary`2.GetOrAdd(TKey key, Func`2 valueFactory)
   at Microsoft.Extensions.DependencyInjection.ServiceProvider.GetService(ServiceIdentifier serviceIdentifier, ServiceProviderEngineScope serviceProviderEngineScope)
   at Microsoft.Extensions.DependencyInjection.ServiceLookup.ServiceProviderEngineScope.GetService(Type serviceType)
   at Microsoft.Extensions.DependencyInjection.ServiceProviderServiceExtensions.GetRequiredService(IServiceProvider provider, Type serviceType)
   at Microsoft.Extensions.DependencyInjection.ServiceProviderServiceExtensions.GetRequiredService[T](IServiceProvider provider)
   at Microsoft.Extensions.DependencyInjection.DataProtectionServiceCollectionExtensions.<>c.<AddDataProtectionServices>b__2_0(IServiceProvider s)
   at Microsoft.Extensions.DependencyInjection.ServiceLookup.CallSiteVisitor`2.VisitCallSiteMain(ServiceCallSite callSite, TArgument argument)
   at Microsoft.Extensions.DependencyInjection.ServiceLookup.CallSiteRuntimeResolver.VisitRootCache(ServiceCallSite callSite, RuntimeResolverContext context)
   at Microsoft.Extensions.DependencyInjection.ServiceLookup.CallSiteVisitor`2.VisitCallSite(ServiceCallSite callSite, TArgument argument)
   at Microsoft.Extensions.DependencyInjection.ServiceLookup.CallSiteRuntimeResolver.VisitConstructor(ConstructorCallSite constructorCallSite, RuntimeResolverContext context)
   at Microsoft.Extensions.DependencyInjection.ServiceLookup.CallSiteVisitor`2.VisitCallSiteMain(ServiceCallSite callSite, TArgument argument)
   at Microsoft.Extensions.DependencyInjection.ServiceLookup.CallSiteRuntimeResolver.VisitRootCache(ServiceCallSite callSite, RuntimeResolverContext context)
   at Microsoft.Extensions.DependencyInjection.ServiceLookup.CallSiteVisitor`2.VisitCallSite(ServiceCallSite callSite, TArgument argument)
   at Microsoft.Extensions.DependencyInjection.ServiceLookup.CallSiteRuntimeResolver.VisitConstructor(ConstructorCallSite constructorCallSite, RuntimeResolverContext context)
   at Microsoft.Extensions.DependencyInjection.ServiceLookup.CallSiteVisitor`2.VisitCallSiteMain(ServiceCallSite callSite, TArgument argument)
   at Microsoft.Extensions.DependencyInjection.ServiceLookup.CallSiteRuntimeResolver.VisitRootCache(ServiceCallSite callSite, RuntimeResolverContext context)
   at Microsoft.Extensions.DependencyInjection.ServiceLookup.CallSiteVisitor`2.VisitCallSite(ServiceCallSite callSite, TArgument argument)
   at Microsoft.Extensions.DependencyInjection.ServiceLookup.CallSiteRuntimeResolver.VisitConstructor(ConstructorCallSite constructorCallSite, RuntimeResolverContext context)
   at Microsoft.Extensions.DependencyInjection.ServiceLookup.CallSiteVisitor`2.VisitCallSiteMain(ServiceCallSite callSite, TArgument argument)
   at Microsoft.Extensions.DependencyInjection.ServiceLookup.CallSiteRuntimeResolver.VisitRootCache(ServiceCallSite callSite, RuntimeResolverContext context)
   at Microsoft.Extensions.DependencyInjection.ServiceLookup.CallSiteVisitor`2.VisitCallSite(ServiceCallSite callSite, TArgument argument)
   at Microsoft.Extensions.DependencyInjection.ServiceLookup.CallSiteRuntimeResolver.VisitIEnumerable(IEnumerableCallSite enumerableCallSite, RuntimeResolverContext context)
   at Microsoft.Extensions.DependencyInjection.ServiceLookup.CallSiteVisitor`2.VisitCallSiteMain(ServiceCallSite callSite, TArgument argument)
   at Microsoft.Extensions.DependencyInjection.ServiceLookup.CallSiteRuntimeResolver.VisitRootCache(ServiceCallSite callSite, RuntimeResolverContext context)
   at Microsoft.Extensions.DependencyInjection.ServiceLookup.CallSiteVisitor`2.VisitCallSite(ServiceCallSite callSite, TArgument argument)
   at Microsoft.Extensions.DependencyInjection.ServiceLookup.CallSiteRuntimeResolver.VisitConstructor(ConstructorCallSite constructorCallSite, RuntimeResolverContext context)
   at Microsoft.Extensions.DependencyInjection.ServiceLookup.CallSiteVisitor`2.VisitCallSiteMain(ServiceCallSite callSite, TArgument argument)
   at Microsoft.Extensions.DependencyInjection.ServiceLookup.CallSiteRuntimeResolver.VisitRootCache(ServiceCallSite callSite, RuntimeResolverContext context)
   at Microsoft.Extensions.DependencyInjection.ServiceLookup.CallSiteVisitor`2.VisitCallSite(ServiceCallSite callSite, TArgument argument)
   at Microsoft.Extensions.DependencyInjection.ServiceLookup.CallSiteRuntimeResolver.VisitConstructor(ConstructorCallSite constructorCallSite, RuntimeResolverContext context)
   at Microsoft.Extensions.DependencyInjection.ServiceLookup.CallSiteVisitor`2.VisitCallSiteMain(ServiceCallSite callSite, TArgument argument)
   at Microsoft.Extensions.DependencyInjection.ServiceLookup.CallSiteRuntimeResolver.VisitRootCache(ServiceCallSite callSite, RuntimeResolverContext context)
   at Microsoft.Extensions.DependencyInjection.ServiceLookup.CallSiteVisitor`2.VisitCallSite(ServiceCallSite callSite, TArgument argument)
   at Microsoft.Extensions.DependencyInjection.ServiceLookup.CallSiteRuntimeResolver.Resolve(ServiceCallSite callSite, ServiceProviderEngineScope scope)
   at Microsoft.Extensions.DependencyInjection.ServiceProvider.CreateServiceAccessor(ServiceIdentifier serviceIdentifier)
   at System.Collections.Concurrent.ConcurrentDictionary`2.GetOrAdd(TKey key, Func`2 valueFactory)
   at Microsoft.Extensions.DependencyInjection.ServiceProvider.GetService(ServiceIdentifier serviceIdentifier, ServiceProviderEngineScope serviceProviderEngineScope)
   at Microsoft.Extensions.DependencyInjection.ServiceProvider.GetService(Type serviceType)
   at Microsoft.Extensions.DependencyInjection.ServiceProviderServiceExtensions.GetRequiredService(IServiceProvider provider, Type serviceType)
   at Microsoft.Extensions.DependencyInjection.ServiceProviderServiceExtensions.GetRequiredService[T](IServiceProvider provider)
   at Microsoft.AspNetCore.Builder.ControllerEndpointRouteBuilderExtensions.GetOrCreateDataSource(IEndpointRouteBuilder endpoints)
   at Microsoft.AspNetCore.Builder.ControllerEndpointRouteBuilderExtensions.MapControllers(IEndpointRouteBuilder endpoints)
   at Program.<Main>$(String[] args) in E:\Rafeek\Rafeek.API\Program.cs:line 385
2026-01-25 02:59:49.6364||INFO|Program|Application starting up 
2026-01-25 02:59:51.8320||INFO|Microsoft.Hosting.Lifetime|Application started. Press Ctrl+C to shut down. 
2026-01-25 02:59:51.9736||INFO|Microsoft.Hosting.Lifetime|Hosting environment: Development 
2026-01-25 02:59:52.0550||INFO|Microsoft.Hosting.Lifetime|Content root path: E:\Rafeek\Rafeek.API 
2026-01-25 03:05:23.0428||INFO|Program|Application starting up 
2026-01-25 03:05:24.8332||INFO|Microsoft.Hosting.Lifetime|Application started. Press Ctrl+C to shut down. 
2026-01-25 03:05:24.8530||INFO|Microsoft.Hosting.Lifetime|Hosting environment: Development 
2026-01-25 03:05:24.8793||INFO|Microsoft.Hosting.Lifetime|Content root path: E:\Rafeek\Rafeek.API 
2026-01-25 03:07:21.1449||INFO|Program|Application starting up 
2026-01-25 03:07:23.1057||INFO|Microsoft.Hosting.Lifetime|Application started. Press Ctrl+C to shut down. 
2026-01-25 03:07:23.1138||INFO|Microsoft.Hosting.Lifetime|Hosting environment: Development 
2026-01-25 03:07:23.1512||INFO|Microsoft.Hosting.Lifetime|Content root path: E:\Rafeek\Rafeek.API 
2026-01-25 03:11:04.6923||INFO|Program|Application starting up 
2026-01-25 03:11:06.2961||INFO|Microsoft.Hosting.Lifetime|Application started. Press Ctrl+C to shut down. 
2026-01-25 03:11:06.3382||INFO|Microsoft.Hosting.Lifetime|Hosting environment: Development 
2026-01-25 03:11:06.3463||INFO|Microsoft.Hosting.Lifetime|Content root path: E:\Rafeek\Rafeek.API 
2026-01-25 03:13:41.7996||INFO|Program|Application starting up 
2026-01-25 03:13:43.1715||INFO|Microsoft.Hosting.Lifetime|Application started. Press Ctrl+C to shut down. 
2026-01-25 03:13:43.2547||INFO|Microsoft.Hosting.Lifetime|Hosting environment: Development 
2026-01-25 03:13:43.3131||INFO|Microsoft.Hosting.Lifetime|Content root path: E:\Rafeek\Rafeek.API 
2026-01-25 03:14:51.3218||INFO|Program|Application starting up 
2026-01-25 03:14:53.0270||INFO|Microsoft.Hosting.Lifetime|Application started. Press Ctrl+C to shut down. 
2026-01-25 03:14:53.0412||INFO|Microsoft.Hosting.Lifetime|Hosting environment: Development 
2026-01-25 03:14:53.0558||INFO|Microsoft.Hosting.Lifetime|Content root path: E:\Rafeek\Rafeek.API 
2026-01-25 03:17:13.9948||INFO|Program|Application starting up 
2026-01-25 03:17:15.4662||INFO|Microsoft.Hosting.Lifetime|Application started. Press Ctrl+C to shut down. 
2026-01-25 03:17:15.4784||INFO|Microsoft.Hosting.Lifetime|Hosting environment: Development 
2026-01-25 03:17:15.4927||INFO|Microsoft.Hosting.Lifetime|Content root path: E:\Rafeek\Rafeek.API 
