2026-01-23 22:47:04.9349||ERROR|Rafeek.Application.Handlers.UploaderHandlers.Commands.UploadImage.UploadImageCommand|Squeak Request: Unhandled Exception for Request "UploadImageCommand" {"UploadPlace":0, "File":{"ContentDisposition":"form-data; name=\"File\"; filename=\"pexels-sanjula-thiwanka-2148212934-31941805.jpg\"", "ContentType":"image\/jpeg", "Headers":{"Content-Disposition":["form-data; name=\"File\"; filename=\"pexels-sanjula-thiwanka-2148212934-31941805.jpg\""], "Content-Type":["image\/jpeg"]}, "Length":1000378, "Name":"File", "FileName":"pexels-sanjula-thiwanka-2148212934-31941805.jpg"}} System.InvalidOperationException: Error constructing handler for request of type MediatR.IRequestHandler`2[Rafeek.Application.Handlers.UploaderHandlers.Commands.UploadImage.UploadImageCommand,System.String]. Register your handlers with the container. See the samples in GitHub for examples.
 ---> System.InvalidOperationException: Unable to resolve service for type 'Rafeek.Application.Common.Services.UploadPerformanceLogger' while attempting to activate 'Rafeek.Application.Common.Services.ImageValidator'.
   at Microsoft.Extensions.DependencyInjection.ServiceLookup.CallSiteFactory.CreateArgumentCallSites(ServiceIdentifier serviceIdentifier, Type implementationType, CallSiteChain callSiteChain, ParameterInfo[] parameters, Boolean throwIfCallSiteNotFound)
   at Microsoft.Extensions.DependencyInjection.ServiceLookup.CallSiteFactory.CreateConstructorCallSite(ResultCache lifetime, ServiceIdentifier serviceIdentifier, Type implementationType, CallSiteChain callSiteChain)
   at Microsoft.Extensions.DependencyInjection.ServiceLookup.CallSiteFactory.TryCreateExact(ServiceDescriptor descriptor, ServiceIdentifier serviceIdentifier, CallSiteChain callSiteChain, Int32 slot)
   at Microsoft.Extensions.DependencyInjection.ServiceLookup.CallSiteFactory.TryCreateExact(ServiceIdentifier serviceIdentifier, CallSiteChain callSiteChain)
   at Microsoft.Extensions.DependencyInjection.ServiceLookup.CallSiteFactory.CreateCallSite(ServiceIdentifier serviceIdentifier, CallSiteChain callSiteChain)
   at Microsoft.Extensions.DependencyInjection.ServiceLookup.CallSiteFactory.CreateArgumentCallSites(ServiceIdentifier serviceIdentifier, Type implementationType, CallSiteChain callSiteChain, ParameterInfo[] parameters, Boolean throwIfCallSiteNotFound)
   at Microsoft.Extensions.DependencyInjection.ServiceLookup.CallSiteFactory.CreateConstructorCallSite(ResultCache lifetime, ServiceIdentifier serviceIdentifier, Type implementationType, CallSiteChain callSiteChain)
   at Microsoft.Extensions.DependencyInjection.ServiceLookup.CallSiteFactory.TryCreateExact(ServiceDescriptor descriptor, ServiceIdentifier serviceIdentifier, CallSiteChain callSiteChain, Int32 slot)
   at Microsoft.Extensions.DependencyInjection.ServiceLookup.CallSiteFactory.TryCreateExact(ServiceIdentifier serviceIdentifier, CallSiteChain callSiteChain)
   at Microsoft.Extensions.DependencyInjection.ServiceLookup.CallSiteFactory.CreateCallSite(ServiceIdentifier serviceIdentifier, CallSiteChain callSiteChain)
   at Microsoft.Extensions.DependencyInjection.ServiceLookup.CallSiteFactory.GetCallSite(ServiceIdentifier serviceIdentifier, CallSiteChain callSiteChain)
   at Microsoft.Extensions.DependencyInjection.ServiceProvider.CreateServiceAccessor(ServiceIdentifier serviceIdentifier)
   at System.Collections.Concurrent.ConcurrentDictionary`2.GetOrAdd(TKey key, Func`2 valueFactory)
   at Microsoft.Extensions.DependencyInjection.ServiceProvider.GetService(ServiceIdentifier serviceIdentifier, ServiceProviderEngineScope serviceProviderEngineScope)
   at Microsoft.Extensions.DependencyInjection.ServiceLookup.ServiceProviderEngineScope.GetService(Type serviceType)
   at MediatR.ServiceFactoryExtensions.GetInstance[T](ServiceFactory factory)
   at MediatR.Internal.RequestHandlerBase.GetHandler[THandler](ServiceFactory factory)
   --- End of inner exception stack trace ---
   at MediatR.Internal.RequestHandlerBase.GetHandler[THandler](ServiceFactory factory)
   at MediatR.Internal.RequestHandlerWrapperImpl`2.<>c__DisplayClass1_0.<Handle>g__Handler|0()
   at Rafeek.Application.Common.Behaviours.PerformanceBehaviour`2.Handle(TRequest request, CancellationToken cancellationToken, RequestHandlerDelegate`1 next) in E:\Rafeek\Rafeek.Application\Common\Behaviours\PerformanceBehaviour.cs:line 23
   at Rafeek.Application.Common.Behaviours.ValidationBehaviour`2.Handle(TRequest request, CancellationToken cancellationToken, RequestHandlerDelegate`1 next) in E:\Rafeek\Rafeek.Application\Common\Behaviours\ValidationBehaviour.cs:line 28
   at Rafeek.Application.Common.Behaviours.UnhandledExceptionBehaviour`2.Handle(TRequest request, CancellationToken cancellationToken, RequestHandlerDelegate`1 next) in E:\Rafeek\Rafeek.Application\Common\Behaviours\UnhandledExceptionBehaviour.cs:line 20|url: https://localhost/v1/api/images|action: UploadImage
2026-01-23 22:47:49.5454||ERROR|Rafeek.Application.Handlers.UploaderHandlers.Commands.UploadImage.UploadImageCommand|Squeak Request: Unhandled Exception for Request "UploadImageCommand" {"UploadPlace":0, "File":{"ContentDisposition":"form-data; name=\"File\"; filename=\"pexels-shiny-diamond-3762879.jpg\"", "ContentType":"image\/jpeg", "Headers":{"Content-Disposition":["form-data; name=\"File\"; filename=\"pexels-shiny-diamond-3762879.jpg\""], "Content-Type":["image\/jpeg"]}, "Length":765436, "Name":"File", "FileName":"pexels-shiny-diamond-3762879.jpg"}} System.InvalidOperationException: Error constructing handler for request of type MediatR.IRequestHandler`2[Rafeek.Application.Handlers.UploaderHandlers.Commands.UploadImage.UploadImageCommand,System.String]. Register your handlers with the container. See the samples in GitHub for examples.
 ---> System.InvalidOperationException: Unable to resolve service for type 'Rafeek.Application.Common.Services.UploadPerformanceLogger' while attempting to activate 'Rafeek.Application.Common.Services.ImageValidator'.
   at Microsoft.Extensions.DependencyInjection.ServiceLookup.CallSiteFactory.CreateArgumentCallSites(ServiceIdentifier serviceIdentifier, Type implementationType, CallSiteChain callSiteChain, ParameterInfo[] parameters, Boolean throwIfCallSiteNotFound)
   at Microsoft.Extensions.DependencyInjection.ServiceLookup.CallSiteFactory.CreateConstructorCallSite(ResultCache lifetime, ServiceIdentifier serviceIdentifier, Type implementationType, CallSiteChain callSiteChain)
   at Microsoft.Extensions.DependencyInjection.ServiceLookup.CallSiteFactory.TryCreateExact(ServiceDescriptor descriptor, ServiceIdentifier serviceIdentifier, CallSiteChain callSiteChain, Int32 slot)
   at Microsoft.Extensions.DependencyInjection.ServiceLookup.CallSiteFactory.TryCreateExact(ServiceIdentifier serviceIdentifier, CallSiteChain callSiteChain)
   at Microsoft.Extensions.DependencyInjection.ServiceLookup.CallSiteFactory.CreateCallSite(ServiceIdentifier serviceIdentifier, CallSiteChain callSiteChain)
   at Microsoft.Extensions.DependencyInjection.ServiceLookup.CallSiteFactory.CreateArgumentCallSites(ServiceIdentifier serviceIdentifier, Type implementationType, CallSiteChain callSiteChain, ParameterInfo[] parameters, Boolean throwIfCallSiteNotFound)
   at Microsoft.Extensions.DependencyInjection.ServiceLookup.CallSiteFactory.CreateConstructorCallSite(ResultCache lifetime, ServiceIdentifier serviceIdentifier, Type implementationType, CallSiteChain callSiteChain)
   at Microsoft.Extensions.DependencyInjection.ServiceLookup.CallSiteFactory.TryCreateExact(ServiceDescriptor descriptor, ServiceIdentifier serviceIdentifier, CallSiteChain callSiteChain, Int32 slot)
   at Microsoft.Extensions.DependencyInjection.ServiceLookup.CallSiteFactory.TryCreateExact(ServiceIdentifier serviceIdentifier, CallSiteChain callSiteChain)
   at Microsoft.Extensions.DependencyInjection.ServiceLookup.CallSiteFactory.CreateCallSite(ServiceIdentifier serviceIdentifier, CallSiteChain callSiteChain)
   at Microsoft.Extensions.DependencyInjection.ServiceLookup.CallSiteFactory.GetCallSite(ServiceIdentifier serviceIdentifier, CallSiteChain callSiteChain)
   at Microsoft.Extensions.DependencyInjection.ServiceProvider.CreateServiceAccessor(ServiceIdentifier serviceIdentifier)
   at System.Collections.Concurrent.ConcurrentDictionary`2.GetOrAdd(TKey key, Func`2 valueFactory)
   at Microsoft.Extensions.DependencyInjection.ServiceProvider.GetService(ServiceIdentifier serviceIdentifier, ServiceProviderEngineScope serviceProviderEngineScope)
   at Microsoft.Extensions.DependencyInjection.ServiceLookup.ServiceProviderEngineScope.GetService(Type serviceType)
   at MediatR.ServiceFactoryExtensions.GetInstance[T](ServiceFactory factory)
   at MediatR.Internal.RequestHandlerBase.GetHandler[THandler](ServiceFactory factory)
   --- End of inner exception stack trace ---
   at MediatR.Internal.RequestHandlerBase.GetHandler[THandler](ServiceFactory factory)
   at MediatR.Internal.RequestHandlerWrapperImpl`2.<>c__DisplayClass1_0.<Handle>g__Handler|0()
   at Rafeek.Application.Common.Behaviours.PerformanceBehaviour`2.Handle(TRequest request, CancellationToken cancellationToken, RequestHandlerDelegate`1 next) in E:\Rafeek\Rafeek.Application\Common\Behaviours\PerformanceBehaviour.cs:line 23
   at Rafeek.Application.Common.Behaviours.ValidationBehaviour`2.Handle(TRequest request, CancellationToken cancellationToken, RequestHandlerDelegate`1 next) in E:\Rafeek\Rafeek.Application\Common\Behaviours\ValidationBehaviour.cs:line 28
   at Rafeek.Application.Common.Behaviours.UnhandledExceptionBehaviour`2.Handle(TRequest request, CancellationToken cancellationToken, RequestHandlerDelegate`1 next) in E:\Rafeek\Rafeek.Application\Common\Behaviours\UnhandledExceptionBehaviour.cs:line 20|url: https://localhost/v1/api/images|action: UploadImage
2026-01-23 22:48:08.9969||ERROR|Rafeek.API.Program|Application stopped because of exception System.AggregateException: Some services are not able to be constructed (Error while validating the service descriptor 'ServiceType: FluentValidation.IValidator`1[Rafeek.Application.Handlers.UploaderHandlers.Commands.DownloadFile.DownloadFileCommand] Lifetime: Scoped ImplementationType: Rafeek.Application.Handlers.UploaderHandlers.Commands.DownloadFile.DownloadFileCommandValidator': Unable to resolve service for type 'Rafeek.Application.Common.Services.UploadPerformanceLogger' while attempting to activate 'Rafeek.Application.Common.Services.FileValidator'.) (Error while validating the service descriptor 'ServiceType: Rafeek.Application.Handlers.UploaderHandlers.Commands.DownloadFile.DownloadFileCommandValidator Lifetime: Scoped ImplementationType: Rafeek.Application.Handlers.UploaderHandlers.Commands.DownloadFile.DownloadFileCommandValidator': Unable to resolve service for type 'Rafeek.Application.Common.Services.UploadPerformanceLogger' while attempting to activate 'Rafeek.Application.Common.Services.FileValidator'.) (Error while validating the service descriptor 'ServiceType: MediatR.IRequestHandler`2[Rafeek.Application.Handlers.UploaderHandlers.Commands.UploadVideo.UploadVideoCommand,System.String] Lifetime: Transient ImplementationType: Rafeek.Application.Handlers.UploaderHandlers.Commands.UploadVideo.UploadVideoCommandHandler': Unable to resolve service for type 'Rafeek.Application.Common.Services.UploadPerformanceLogger' while attempting to activate 'Rafeek.Application.Common.Services.VideoValidator'.) (Error while validating the service descriptor 'ServiceType: MediatR.IRequestHandler`2[Rafeek.Application.Handlers.UploaderHandlers.Commands.UploadVideo.UploadMultipleVideoCommand,System.Collections.Generic.List`1[System.String]] Lifetime: Transient ImplementationType: Rafeek.Application.Handlers.UploaderHandlers.Commands.UploadVideo.UploadVideoCommandHandler': Unable to resolve service for type 'Rafeek.Application.Common.Services.UploadPerformanceLogger' while attempting to activate 'Rafeek.Application.Common.Services.VideoValidator'.) (Error while validating the service descriptor 'ServiceType: MediatR.IRequestHandler`2[Rafeek.Application.Handlers.UploaderHandlers.Commands.UploadImage.UploadImageCommand,System.String] Lifetime: Transient ImplementationType: Rafeek.Application.Handlers.UploaderHandlers.Commands.UploadImage.UploadImageCommandHandler': Unable to resolve service for type 'Rafeek.Application.Common.Services.UploadPerformanceLogger' while attempting to activate 'Rafeek.Application.Common.Services.ImageValidator'.) (Error while validating the service descriptor 'ServiceType: MediatR.IRequestHandler`2[Rafeek.Application.Handlers.UploaderHandlers.Commands.UploadImage.UploadMultipleImageCommand,System.Collections.Generic.List`1[System.String]] Lifetime: Transient ImplementationType: Rafeek.Application.Handlers.UploaderHandlers.Commands.UploadImage.UploadImageCommandHandler': Unable to resolve service for type 'Rafeek.Application.Common.Services.UploadPerformanceLogger' while attempting to activate 'Rafeek.Application.Common.Services.ImageValidator'.) (Error while validating the service descriptor 'ServiceType: MediatR.IRequestHandler`2[Rafeek.Application.Handlers.UploaderHandlers.Commands.UploadFile.UploadFileCommand,System.String] Lifetime: Transient ImplementationType: Rafeek.Application.Handlers.UploaderHandlers.Commands.UploadFile.UploadFileCommandHandler': Unable to resolve service for type 'Rafeek.Application.Common.Services.UploadPerformanceLogger' while attempting to activate 'Rafeek.Application.Common.Services.FileValidator'.) (Error while validating the service descriptor 'ServiceType: MediatR.IRequestHandler`2[Rafeek.Application.Handlers.UploaderHandlers.Commands.UploadAudio.UploadAudioCommand,System.String] Lifetime: Transient ImplementationType: Rafeek.Application.Handlers.UploaderHandlers.Commands.UploadAudio.UploadAudioCommandHandler': Unable to resolve service for type 'Rafeek.Application.Common.Services.UploadPerformanceLogger' while attempting to activate 'Rafeek.Application.Common.Services.AudioValidator'.) (Error while validating the service descriptor 'ServiceType: MediatR.IRequestHandler`2[Rafeek.Application.Handlers.UploaderHandlers.Commands.UpdateVideo.UpdateVideoCommand,System.String] Lifetime: Transient ImplementationType: Rafeek.Application.Handlers.UploaderHandlers.Commands.UpdateVideo.UpdateVideoCommandHandler': Unable to resolve service for type 'Rafeek.Application.Common.Services.UploadPerformanceLogger' while attempting to activate 'Rafeek.Application.Common.Services.VideoValidator'.) (Error while validating the service descriptor 'ServiceType: MediatR.IRequestHandler`2[Rafeek.Application.Handlers.UploaderHandlers.Commands.UpdateImage.UpdateImageCommand,System.String] Lifetime: Transient ImplementationType: Rafeek.Application.Handlers.UploaderHandlers.Commands.UpdateImage.UpdateImageCommandHandler': Unable to resolve service for type 'Rafeek.Application.Common.Services.UploadPerformanceLogger' while attempting to activate 'Rafeek.Application.Common.Services.ImageValidator'.) (Error while validating the service descriptor 'ServiceType: MediatR.IRequestHandler`2[Rafeek.Application.Handlers.UploaderHandlers.Commands.DownloadFile.DownloadFileCommand,System.String] Lifetime: Transient ImplementationType: Rafeek.Application.Handlers.UploaderHandlers.Commands.DownloadFile.DownloadFileCommandHandler': Unable to resolve service for type 'Rafeek.Application.Common.Services.UploadPerformanceLogger' while attempting to activate 'Rafeek.Application.Common.Services.FileValidator'.) (Error while validating the service descriptor 'ServiceType: Rafeek.Application.Common.Interfaces.IImageValidator Lifetime: Scoped ImplementationType: Rafeek.Application.Common.Services.ImageValidator': Unable to resolve service for type 'Rafeek.Application.Common.Services.UploadPerformanceLogger' while attempting to activate 'Rafeek.Application.Common.Services.ImageValidator'.) (Error while validating the service descriptor 'ServiceType: Rafeek.Application.Common.Interfaces.IVideoValidator Lifetime: Scoped ImplementationType: Rafeek.Application.Common.Services.VideoValidator': Unable to resolve service for type 'Rafeek.Application.Common.Services.UploadPerformanceLogger' while attempting to activate 'Rafeek.Application.Common.Services.VideoValidator'.) (Error while validating the service descriptor 'ServiceType: Rafeek.Application.Common.Interfaces.IAudioValidator Lifetime: Scoped ImplementationType: Rafeek.Application.Common.Services.AudioValidator': Unable to resolve service for type 'Rafeek.Application.Common.Services.UploadPerformanceLogger' while attempting to activate 'Rafeek.Application.Common.Services.AudioValidator'.) (Error while validating the service descriptor 'ServiceType: Rafeek.Application.Common.Interfaces.IFileValidator Lifetime: Scoped ImplementationType: Rafeek.Application.Common.Services.FileValidator': Unable to resolve service for type 'Rafeek.Application.Common.Services.UploadPerformanceLogger' while attempting to activate 'Rafeek.Application.Common.Services.FileValidator'.)
 ---> System.InvalidOperationException: Error while validating the service descriptor 'ServiceType: FluentValidation.IValidator`1[Rafeek.Application.Handlers.UploaderHandlers.Commands.DownloadFile.DownloadFileCommand] Lifetime: Scoped ImplementationType: Rafeek.Application.Handlers.UploaderHandlers.Commands.DownloadFile.DownloadFileCommandValidator': Unable to resolve service for type 'Rafeek.Application.Common.Services.UploadPerformanceLogger' while attempting to activate 'Rafeek.Application.Common.Services.FileValidator'.
 ---> System.InvalidOperationException: Unable to resolve service for type 'Rafeek.Application.Common.Services.UploadPerformanceLogger' while attempting to activate 'Rafeek.Application.Common.Services.FileValidator'.
   at Microsoft.Extensions.DependencyInjection.ServiceLookup.CallSiteFactory.CreateArgumentCallSites(ServiceIdentifier serviceIdentifier, Type implementationType, CallSiteChain callSiteChain, ParameterInfo[] parameters, Boolean throwIfCallSiteNotFound)
   at Microsoft.Extensions.DependencyInjection.ServiceLookup.CallSiteFactory.CreateConstructorCallSite(ResultCache lifetime, ServiceIdentifier serviceIdentifier, Type implementationType, CallSiteChain callSiteChain)
   at Microsoft.Extensions.DependencyInjection.ServiceLookup.CallSiteFactory.TryCreateExact(ServiceDescriptor descriptor, ServiceIdentifier serviceIdentifier, CallSiteChain callSiteChain, Int32 slot)
   at Microsoft.Extensions.DependencyInjection.ServiceLookup.CallSiteFactory.TryCreateExact(ServiceIdentifier serviceIdentifier, CallSiteChain callSiteChain)
   at Microsoft.Extensions.DependencyInjection.ServiceLookup.CallSiteFactory.CreateCallSite(ServiceIdentifier serviceIdentifier, CallSiteChain callSiteChain)
   at Microsoft.Extensions.DependencyInjection.ServiceLookup.CallSiteFactory.CreateArgumentCallSites(ServiceIdentifier serviceIdentifier, Type implementationType, CallSiteChain callSiteChain, ParameterInfo[] parameters, Boolean throwIfCallSiteNotFound)
   at Microsoft.Extensions.DependencyInjection.ServiceLookup.CallSiteFactory.CreateConstructorCallSite(ResultCache lifetime, ServiceIdentifier serviceIdentifier, Type implementationType, CallSiteChain callSiteChain)
   at Microsoft.Extensions.DependencyInjection.ServiceLookup.CallSiteFactory.TryCreateExact(ServiceDescriptor descriptor, ServiceIdentifier serviceIdentifier, CallSiteChain callSiteChain, Int32 slot)
   at Microsoft.Extensions.DependencyInjection.ServiceLookup.CallSiteFactory.GetCallSite(ServiceDescriptor serviceDescriptor, CallSiteChain callSiteChain)
   at Microsoft.Extensions.DependencyInjection.ServiceProvider.ValidateService(ServiceDescriptor descriptor)
   --- End of inner exception stack trace ---
   at Microsoft.Extensions.DependencyInjection.ServiceProvider.ValidateService(ServiceDescriptor descriptor)
   at Microsoft.Extensions.DependencyInjection.ServiceProvider..ctor(ICollection`1 serviceDescriptors, ServiceProviderOptions options)
   --- End of inner exception stack trace ---
 ---> (Inner Exception #1) System.InvalidOperationException: Error while validating the service descriptor 'ServiceType: Rafeek.Application.Handlers.UploaderHandlers.Commands.DownloadFile.DownloadFileCommandValidator Lifetime: Scoped ImplementationType: Rafeek.Application.Handlers.UploaderHandlers.Commands.DownloadFile.DownloadFileCommandValidator': Unable to resolve service for type 'Rafeek.Application.Common.Services.UploadPerformanceLogger' while attempting to activate 'Rafeek.Application.Common.Services.FileValidator'.
 ---> System.InvalidOperationException: Unable to resolve service for type 'Rafeek.Application.Common.Services.UploadPerformanceLogger' while attempting to activate 'Rafeek.Application.Common.Services.FileValidator'.
   at Microsoft.Extensions.DependencyInjection.ServiceLookup.CallSiteFactory.CreateArgumentCallSites(ServiceIdentifier serviceIdentifier, Type implementationType, CallSiteChain callSiteChain, ParameterInfo[] parameters, Boolean throwIfCallSiteNotFound)
   at Microsoft.Extensions.DependencyInjection.ServiceLookup.CallSiteFactory.CreateConstructorCallSite(ResultCache lifetime, ServiceIdentifier serviceIdentifier, Type implementationType, CallSiteChain callSiteChain)
   at Microsoft.Extensions.DependencyInjection.ServiceLookup.CallSiteFactory.TryCreateExact(ServiceDescriptor descriptor, ServiceIdentifier serviceIdentifier, CallSiteChain callSiteChain, Int32 slot)
   at Microsoft.Extensions.DependencyInjection.ServiceLookup.CallSiteFactory.TryCreateExact(ServiceIdentifier serviceIdentifier, CallSiteChain callSiteChain)
   at Microsoft.Extensions.DependencyInjection.ServiceLookup.CallSiteFactory.CreateCallSite(ServiceIdentifier serviceIdentifier, CallSiteChain callSiteChain)
   at Microsoft.Extensions.DependencyInjection.ServiceLookup.CallSiteFactory.CreateArgumentCallSites(ServiceIdentifier serviceIdentifier, Type implementationType, CallSiteChain callSiteChain, ParameterInfo[] parameters, Boolean throwIfCallSiteNotFound)
   at Microsoft.Extensions.DependencyInjection.ServiceLookup.CallSiteFactory.CreateConstructorCallSite(ResultCache lifetime, ServiceIdentifier serviceIdentifier, Type implementationType, CallSiteChain callSiteChain)
   at Microsoft.Extensions.DependencyInjection.ServiceLookup.CallSiteFactory.TryCreateExact(ServiceDescriptor descriptor, ServiceIdentifier serviceIdentifier, CallSiteChain callSiteChain, Int32 slot)
   at Microsoft.Extensions.DependencyInjection.ServiceLookup.CallSiteFactory.GetCallSite(ServiceDescriptor serviceDescriptor, CallSiteChain callSiteChain)
   at Microsoft.Extensions.DependencyInjection.ServiceProvider.ValidateService(ServiceDescriptor descriptor)
   --- End of inner exception stack trace ---
   at Microsoft.Extensions.DependencyInjection.ServiceProvider.ValidateService(ServiceDescriptor descriptor)
   at Microsoft.Extensions.DependencyInjection.ServiceProvider..ctor(ICollection`1 serviceDescriptors, ServiceProviderOptions options)<---

 ---> (Inner Exception #2) System.InvalidOperationException: Error while validating the service descriptor 'ServiceType: MediatR.IRequestHandler`2[Rafeek.Application.Handlers.UploaderHandlers.Commands.UploadVideo.UploadVideoCommand,System.String] Lifetime: Transient ImplementationType: Rafeek.Application.Handlers.UploaderHandlers.Commands.UploadVideo.UploadVideoCommandHandler': Unable to resolve service for type 'Rafeek.Application.Common.Services.UploadPerformanceLogger' while attempting to activate 'Rafeek.Application.Common.Services.VideoValidator'.
 ---> System.InvalidOperationException: Unable to resolve service for type 'Rafeek.Application.Common.Services.UploadPerformanceLogger' while attempting to activate 'Rafeek.Application.Common.Services.VideoValidator'.
   at Microsoft.Extensions.DependencyInjection.ServiceLookup.CallSiteFactory.CreateArgumentCallSites(ServiceIdentifier serviceIdentifier, Type implementationType, CallSiteChain callSiteChain, ParameterInfo[] parameters, Boolean throwIfCallSiteNotFound)
   at Microsoft.Extensions.DependencyInjection.ServiceLookup.CallSiteFactory.CreateConstructorCallSite(ResultCache lifetime, ServiceIdentifier serviceIdentifier, Type implementationType, CallSiteChain callSiteChain)
   at Microsoft.Extensions.DependencyInjection.ServiceLookup.CallSiteFactory.TryCreateExact(ServiceDescriptor descriptor, ServiceIdentifier serviceIdentifier, CallSiteChain callSiteChain, Int32 slot)
   at Microsoft.Extensions.DependencyInjection.ServiceLookup.CallSiteFactory.TryCreateExact(ServiceIdentifier serviceIdentifier, CallSiteChain callSiteChain)
   at Microsoft.Extensions.DependencyInjection.ServiceLookup.CallSiteFactory.CreateCallSite(ServiceIdentifier serviceIdentifier, CallSiteChain callSiteChain)
   at Microsoft.Extensions.DependencyInjection.ServiceLookup.CallSiteFactory.CreateArgumentCallSites(ServiceIdentifier serviceIdentifier, Type implementationType, CallSiteChain callSiteChain, ParameterInfo[] parameters, Boolean throwIfCallSiteNotFound)
   at Microsoft.Extensions.DependencyInjection.ServiceLookup.CallSiteFactory.CreateConstructorCallSite(ResultCache lifetime, ServiceIdentifier serviceIdentifier, Type implementationType, CallSiteChain callSiteChain)
   at Microsoft.Extensions.DependencyInjection.ServiceLookup.CallSiteFactory.TryCreateExact(ServiceDescriptor descriptor, ServiceIdentifier serviceIdentifier, CallSiteChain callSiteChain, Int32 slot)
   at Microsoft.Extensions.DependencyInjection.ServiceLookup.CallSiteFactory.GetCallSite(ServiceDescriptor serviceDescriptor, CallSiteChain callSiteChain)
   at Microsoft.Extensions.DependencyInjection.ServiceProvider.ValidateService(ServiceDescriptor descriptor)
   --- End of inner exception stack trace ---
   at Microsoft.Extensions.DependencyInjection.ServiceProvider.ValidateService(ServiceDescriptor descriptor)
   at Microsoft.Extensions.DependencyInjection.ServiceProvider..ctor(ICollection`1 serviceDescriptors, ServiceProviderOptions options)<---

 ---> (Inner Exception #3) System.InvalidOperationException: Error while validating the service descriptor 'ServiceType: MediatR.IRequestHandler`2[Rafeek.Application.Handlers.UploaderHandlers.Commands.UploadVideo.UploadMultipleVideoCommand,System.Collections.Generic.List`1[System.String]] Lifetime: Transient ImplementationType: Rafeek.Application.Handlers.UploaderHandlers.Commands.UploadVideo.UploadVideoCommandHandler': Unable to resolve service for type 'Rafeek.Application.Common.Services.UploadPerformanceLogger' while attempting to activate 'Rafeek.Application.Common.Services.VideoValidator'.
 ---> System.InvalidOperationException: Unable to resolve service for type 'Rafeek.Application.Common.Services.UploadPerformanceLogger' while attempting to activate 'Rafeek.Application.Common.Services.VideoValidator'.
   at Microsoft.Extensions.DependencyInjection.ServiceLookup.CallSiteFactory.CreateArgumentCallSites(ServiceIdentifier serviceIdentifier, Type implementationType, CallSiteChain callSiteChain, ParameterInfo[] parameters, Boolean throwIfCallSiteNotFound)
   at Microsoft.Extensions.DependencyInjection.ServiceLookup.CallSiteFactory.CreateConstructorCallSite(ResultCache lifetime, ServiceIdentifier serviceIdentifier, Type implementationType, CallSiteChain callSiteChain)
   at Microsoft.Extensions.DependencyInjection.ServiceLookup.CallSiteFactory.TryCreateExact(ServiceDescriptor descriptor, ServiceIdentifier serviceIdentifier, CallSiteChain callSiteChain, Int32 slot)
   at Microsoft.Extensions.DependencyInjection.ServiceLookup.CallSiteFactory.TryCreateExact(ServiceIdentifier serviceIdentifier, CallSiteChain callSiteChain)
   at Microsoft.Extensions.DependencyInjection.ServiceLookup.CallSiteFactory.CreateCallSite(ServiceIdentifier serviceIdentifier, CallSiteChain callSiteChain)
   at Microsoft.Extensions.DependencyInjection.ServiceLookup.CallSiteFactory.CreateArgumentCallSites(ServiceIdentifier serviceIdentifier, Type implementationType, CallSiteChain callSiteChain, ParameterInfo[] parameters, Boolean throwIfCallSiteNotFound)
   at Microsoft.Extensions.DependencyInjection.ServiceLookup.CallSiteFactory.CreateConstructorCallSite(ResultCache lifetime, ServiceIdentifier serviceIdentifier, Type implementationType, CallSiteChain callSiteChain)
   at Microsoft.Extensions.DependencyInjection.ServiceLookup.CallSiteFactory.TryCreateExact(ServiceDescriptor descriptor, ServiceIdentifier serviceIdentifier, CallSiteChain callSiteChain, Int32 slot)
   at Microsoft.Extensions.DependencyInjection.ServiceLookup.CallSiteFactory.GetCallSite(ServiceDescriptor serviceDescriptor, CallSiteChain callSiteChain)
   at Microsoft.Extensions.DependencyInjection.ServiceProvider.ValidateService(ServiceDescriptor descriptor)
   --- End of inner exception stack trace ---
   at Microsoft.Extensions.DependencyInjection.ServiceProvider.ValidateService(ServiceDescriptor descriptor)
   at Microsoft.Extensions.DependencyInjection.ServiceProvider..ctor(ICollection`1 serviceDescriptors, ServiceProviderOptions options)<---

 ---> (Inner Exception #4) System.InvalidOperationException: Error while validating the service descriptor 'ServiceType: MediatR.IRequestHandler`2[Rafeek.Application.Handlers.UploaderHandlers.Commands.UploadImage.UploadImageCommand,System.String] Lifetime: Transient ImplementationType: Rafeek.Application.Handlers.UploaderHandlers.Commands.UploadImage.UploadImageCommandHandler': Unable to resolve service for type 'Rafeek.Application.Common.Services.UploadPerformanceLogger' while attempting to activate 'Rafeek.Application.Common.Services.ImageValidator'.
 ---> System.InvalidOperationException: Unable to resolve service for type 'Rafeek.Application.Common.Services.UploadPerformanceLogger' while attempting to activate 'Rafeek.Application.Common.Services.ImageValidator'.
   at Microsoft.Extensions.DependencyInjection.ServiceLookup.CallSiteFactory.CreateArgumentCallSites(ServiceIdentifier serviceIdentifier, Type implementationType, CallSiteChain callSiteChain, ParameterInfo[] parameters, Boolean throwIfCallSiteNotFound)
   at Microsoft.Extensions.DependencyInjection.ServiceLookup.CallSiteFactory.CreateConstructorCallSite(ResultCache lifetime, ServiceIdentifier serviceIdentifier, Type implementationType, CallSiteChain callSiteChain)
   at Microsoft.Extensions.DependencyInjection.ServiceLookup.CallSiteFactory.TryCreateExact(ServiceDescriptor descriptor, ServiceIdentifier serviceIdentifier, CallSiteChain callSiteChain, Int32 slot)
   at Microsoft.Extensions.DependencyInjection.ServiceLookup.CallSiteFactory.TryCreateExact(ServiceIdentifier serviceIdentifier, CallSiteChain callSiteChain)
   at Microsoft.Extensions.DependencyInjection.ServiceLookup.CallSiteFactory.CreateCallSite(ServiceIdentifier serviceIdentifier, CallSiteChain callSiteChain)
   at Microsoft.Extensions.DependencyInjection.ServiceLookup.CallSiteFactory.CreateArgumentCallSites(ServiceIdentifier serviceIdentifier, Type implementationType, CallSiteChain callSiteChain, ParameterInfo[] parameters, Boolean throwIfCallSiteNotFound)
   at Microsoft.Extensions.DependencyInjection.ServiceLookup.CallSiteFactory.CreateConstructorCallSite(ResultCache lifetime, ServiceIdentifier serviceIdentifier, Type implementationType, CallSiteChain callSiteChain)
   at Microsoft.Extensions.DependencyInjection.ServiceLookup.CallSiteFactory.TryCreateExact(ServiceDescriptor descriptor, ServiceIdentifier serviceIdentifier, CallSiteChain callSiteChain, Int32 slot)
   at Microsoft.Extensions.DependencyInjection.ServiceLookup.CallSiteFactory.GetCallSite(ServiceDescriptor serviceDescriptor, CallSiteChain callSiteChain)
   at Microsoft.Extensions.DependencyInjection.ServiceProvider.ValidateService(ServiceDescriptor descriptor)
   --- End of inner exception stack trace ---
   at Microsoft.Extensions.DependencyInjection.ServiceProvider.ValidateService(ServiceDescriptor descriptor)
   at Microsoft.Extensions.DependencyInjection.ServiceProvider..ctor(ICollection`1 serviceDescriptors, ServiceProviderOptions options)<---

 ---> (Inner Exception #5) System.InvalidOperationException: Error while validating the service descriptor 'ServiceType: MediatR.IRequestHandler`2[Rafeek.Application.Handlers.UploaderHandlers.Commands.UploadImage.UploadMultipleImageCommand,System.Collections.Generic.List`1[System.String]] Lifetime: Transient ImplementationType: Rafeek.Application.Handlers.UploaderHandlers.Commands.UploadImage.UploadImageCommandHandler': Unable to resolve service for type 'Rafeek.Application.Common.Services.UploadPerformanceLogger' while attempting to activate 'Rafeek.Application.Common.Services.ImageValidator'.
 ---> System.InvalidOperationException: Unable to resolve service for type 'Rafeek.Application.Common.Services.UploadPerformanceLogger' while attempting to activate 'Rafeek.Application.Common.Services.ImageValidator'.
   at Microsoft.Extensions.DependencyInjection.ServiceLookup.CallSiteFactory.CreateArgumentCallSites(ServiceIdentifier serviceIdentifier, Type implementationType, CallSiteChain callSiteChain, ParameterInfo[] parameters, Boolean throwIfCallSiteNotFound)
   at Microsoft.Extensions.DependencyInjection.ServiceLookup.CallSiteFactory.CreateConstructorCallSite(ResultCache lifetime, ServiceIdentifier serviceIdentifier, Type implementationType, CallSiteChain callSiteChain)
   at Microsoft.Extensions.DependencyInjection.ServiceLookup.CallSiteFactory.TryCreateExact(ServiceDescriptor descriptor, ServiceIdentifier serviceIdentifier, CallSiteChain callSiteChain, Int32 slot)
   at Microsoft.Extensions.DependencyInjection.ServiceLookup.CallSiteFactory.TryCreateExact(ServiceIdentifier serviceIdentifier, CallSiteChain callSiteChain)
   at Microsoft.Extensions.DependencyInjection.ServiceLookup.CallSiteFactory.CreateCallSite(ServiceIdentifier serviceIdentifier, CallSiteChain callSiteChain)
   at Microsoft.Extensions.DependencyInjection.ServiceLookup.CallSiteFactory.CreateArgumentCallSites(ServiceIdentifier serviceIdentifier, Type implementationType, CallSiteChain callSiteChain, ParameterInfo[] parameters, Boolean throwIfCallSiteNotFound)
   at Microsoft.Extensions.DependencyInjection.ServiceLookup.CallSiteFactory.CreateConstructorCallSite(ResultCache lifetime, ServiceIdentifier serviceIdentifier, Type implementationType, CallSiteChain callSiteChain)
   at Microsoft.Extensions.DependencyInjection.ServiceLookup.CallSiteFactory.TryCreateExact(ServiceDescriptor descriptor, ServiceIdentifier serviceIdentifier, CallSiteChain callSiteChain, Int32 slot)
   at Microsoft.Extensions.DependencyInjection.ServiceLookup.CallSiteFactory.GetCallSite(ServiceDescriptor serviceDescriptor, CallSiteChain callSiteChain)
   at Microsoft.Extensions.DependencyInjection.ServiceProvider.ValidateService(ServiceDescriptor descriptor)
   --- End of inner exception stack trace ---
   at Microsoft.Extensions.DependencyInjection.ServiceProvider.ValidateService(ServiceDescriptor descriptor)
   at Microsoft.Extensions.DependencyInjection.ServiceProvider..ctor(ICollection`1 serviceDescriptors, ServiceProviderOptions options)<---

 ---> (Inner Exception #6) System.InvalidOperationException: Error while validating the service descriptor 'ServiceType: MediatR.IRequestHandler`2[Rafeek.Application.Handlers.UploaderHandlers.Commands.UploadFile.UploadFileCommand,System.String] Lifetime: Transient ImplementationType: Rafeek.Application.Handlers.UploaderHandlers.Commands.UploadFile.UploadFileCommandHandler': Unable to resolve service for type 'Rafeek.Application.Common.Services.UploadPerformanceLogger' while attempting to activate 'Rafeek.Application.Common.Services.FileValidator'.
 ---> System.InvalidOperationException: Unable to resolve service for type 'Rafeek.Application.Common.Services.UploadPerformanceLogger' while attempting to activate 'Rafeek.Application.Common.Services.FileValidator'.
   at Microsoft.Extensions.DependencyInjection.ServiceLookup.CallSiteFactory.CreateArgumentCallSites(ServiceIdentifier serviceIdentifier, Type implementationType, CallSiteChain callSiteChain, ParameterInfo[] parameters, Boolean throwIfCallSiteNotFound)
   at Microsoft.Extensions.DependencyInjection.ServiceLookup.CallSiteFactory.CreateConstructorCallSite(ResultCache lifetime, ServiceIdentifier serviceIdentifier, Type implementationType, CallSiteChain callSiteChain)
   at Microsoft.Extensions.DependencyInjection.ServiceLookup.CallSiteFactory.TryCreateExact(ServiceDescriptor descriptor, ServiceIdentifier serviceIdentifier, CallSiteChain callSiteChain, Int32 slot)
   at Microsoft.Extensions.DependencyInjection.ServiceLookup.CallSiteFactory.TryCreateExact(ServiceIdentifier serviceIdentifier, CallSiteChain callSiteChain)
   at Microsoft.Extensions.DependencyInjection.ServiceLookup.CallSiteFactory.CreateCallSite(ServiceIdentifier serviceIdentifier, CallSiteChain callSiteChain)
   at Microsoft.Extensions.DependencyInjection.ServiceLookup.CallSiteFactory.CreateArgumentCallSites(ServiceIdentifier serviceIdentifier, Type implementationType, CallSiteChain callSiteChain, ParameterInfo[] parameters, Boolean throwIfCallSiteNotFound)
   at Microsoft.Extensions.DependencyInjection.ServiceLookup.CallSiteFactory.CreateConstructorCallSite(ResultCache lifetime, ServiceIdentifier serviceIdentifier, Type implementationType, CallSiteChain callSiteChain)
   at Microsoft.Extensions.DependencyInjection.ServiceLookup.CallSiteFactory.TryCreateExact(ServiceDescriptor descriptor, ServiceIdentifier serviceIdentifier, CallSiteChain callSiteChain, Int32 slot)
   at Microsoft.Extensions.DependencyInjection.ServiceLookup.CallSiteFactory.GetCallSite(ServiceDescriptor serviceDescriptor, CallSiteChain callSiteChain)
   at Microsoft.Extensions.DependencyInjection.ServiceProvider.ValidateService(ServiceDescriptor descriptor)
   --- End of inner exception stack trace ---
   at Microsoft.Extensions.DependencyInjection.ServiceProvider.ValidateService(ServiceDescriptor descriptor)
   at Microsoft.Extensions.DependencyInjection.ServiceProvider..ctor(ICollection`1 serviceDescriptors, ServiceProviderOptions options)<---

 ---> (Inner Exception #7) System.InvalidOperationException: Error while validating the service descriptor 'ServiceType: MediatR.IRequestHandler`2[Rafeek.Application.Handlers.UploaderHandlers.Commands.UploadAudio.UploadAudioCommand,System.String] Lifetime: Transient ImplementationType: Rafeek.Application.Handlers.UploaderHandlers.Commands.UploadAudio.UploadAudioCommandHandler': Unable to resolve service for type 'Rafeek.Application.Common.Services.UploadPerformanceLogger' while attempting to activate 'Rafeek.Application.Common.Services.AudioValidator'.
 ---> System.InvalidOperationException: Unable to resolve service for type 'Rafeek.Application.Common.Services.UploadPerformanceLogger' while attempting to activate 'Rafeek.Application.Common.Services.AudioValidator'.
   at Microsoft.Extensions.DependencyInjection.ServiceLookup.CallSiteFactory.CreateArgumentCallSites(ServiceIdentifier serviceIdentifier, Type implementationType, CallSiteChain callSiteChain, ParameterInfo[] parameters, Boolean throwIfCallSiteNotFound)
   at Microsoft.Extensions.DependencyInjection.ServiceLookup.CallSiteFactory.CreateConstructorCallSite(ResultCache lifetime, ServiceIdentifier serviceIdentifier, Type implementationType, CallSiteChain callSiteChain)
   at Microsoft.Extensions.DependencyInjection.ServiceLookup.CallSiteFactory.TryCreateExact(ServiceDescriptor descriptor, ServiceIdentifier serviceIdentifier, CallSiteChain callSiteChain, Int32 slot)
   at Microsoft.Extensions.DependencyInjection.ServiceLookup.CallSiteFactory.TryCreateExact(ServiceIdentifier serviceIdentifier, CallSiteChain callSiteChain)
   at Microsoft.Extensions.DependencyInjection.ServiceLookup.CallSiteFactory.CreateCallSite(ServiceIdentifier serviceIdentifier, CallSiteChain callSiteChain)
   at Microsoft.Extensions.DependencyInjection.ServiceLookup.CallSiteFactory.CreateArgumentCallSites(ServiceIdentifier serviceIdentifier, Type implementationType, CallSiteChain callSiteChain, ParameterInfo[] parameters, Boolean throwIfCallSiteNotFound)
   at Microsoft.Extensions.DependencyInjection.ServiceLookup.CallSiteFactory.CreateConstructorCallSite(ResultCache lifetime, ServiceIdentifier serviceIdentifier, Type implementationType, CallSiteChain callSiteChain)
   at Microsoft.Extensions.DependencyInjection.ServiceLookup.CallSiteFactory.TryCreateExact(ServiceDescriptor descriptor, ServiceIdentifier serviceIdentifier, CallSiteChain callSiteChain, Int32 slot)
   at Microsoft.Extensions.DependencyInjection.ServiceLookup.CallSiteFactory.GetCallSite(ServiceDescriptor serviceDescriptor, CallSiteChain callSiteChain)
   at Microsoft.Extensions.DependencyInjection.ServiceProvider.ValidateService(ServiceDescriptor descriptor)
   --- End of inner exception stack trace ---
   at Microsoft.Extensions.DependencyInjection.ServiceProvider.ValidateService(ServiceDescriptor descriptor)
   at Microsoft.Extensions.DependencyInjection.ServiceProvider..ctor(ICollection`1 serviceDescriptors, ServiceProviderOptions options)<---

 ---> (Inner Exception #8) System.InvalidOperationException: Error while validating the service descriptor 'ServiceType: MediatR.IRequestHandler`2[Rafeek.Application.Handlers.UploaderHandlers.Commands.UpdateVideo.UpdateVideoCommand,System.String] Lifetime: Transient ImplementationType: Rafeek.Application.Handlers.UploaderHandlers.Commands.UpdateVideo.UpdateVideoCommandHandler': Unable to resolve service for type 'Rafeek.Application.Common.Services.UploadPerformanceLogger' while attempting to activate 'Rafeek.Application.Common.Services.VideoValidator'.
 ---> System.InvalidOperationException: Unable to resolve service for type 'Rafeek.Application.Common.Services.UploadPerformanceLogger' while attempting to activate 'Rafeek.Application.Common.Services.VideoValidator'.
   at Microsoft.Extensions.DependencyInjection.ServiceLookup.CallSiteFactory.CreateArgumentCallSites(ServiceIdentifier serviceIdentifier, Type implementationType, CallSiteChain callSiteChain, ParameterInfo[] parameters, Boolean throwIfCallSiteNotFound)
   at Microsoft.Extensions.DependencyInjection.ServiceLookup.CallSiteFactory.CreateConstructorCallSite(ResultCache lifetime, ServiceIdentifier serviceIdentifier, Type implementationType, CallSiteChain callSiteChain)
   at Microsoft.Extensions.DependencyInjection.ServiceLookup.CallSiteFactory.TryCreateExact(ServiceDescriptor descriptor, ServiceIdentifier serviceIdentifier, CallSiteChain callSiteChain, Int32 slot)
   at Microsoft.Extensions.DependencyInjection.ServiceLookup.CallSiteFactory.TryCreateExact(ServiceIdentifier serviceIdentifier, CallSiteChain callSiteChain)
   at Microsoft.Extensions.DependencyInjection.ServiceLookup.CallSiteFactory.CreateCallSite(ServiceIdentifier serviceIdentifier, CallSiteChain callSiteChain)
   at Microsoft.Extensions.DependencyInjection.ServiceLookup.CallSiteFactory.CreateArgumentCallSites(ServiceIdentifier serviceIdentifier, Type implementationType, CallSiteChain callSiteChain, ParameterInfo[] parameters, Boolean throwIfCallSiteNotFound)
   at Microsoft.Extensions.DependencyInjection.ServiceLookup.CallSiteFactory.CreateConstructorCallSite(ResultCache lifetime, ServiceIdentifier serviceIdentifier, Type implementationType, CallSiteChain callSiteChain)
   at Microsoft.Extensions.DependencyInjection.ServiceLookup.CallSiteFactory.TryCreateExact(ServiceDescriptor descriptor, ServiceIdentifier serviceIdentifier, CallSiteChain callSiteChain, Int32 slot)
   at Microsoft.Extensions.DependencyInjection.ServiceLookup.CallSiteFactory.GetCallSite(ServiceDescriptor serviceDescriptor, CallSiteChain callSiteChain)
   at Microsoft.Extensions.DependencyInjection.ServiceProvider.ValidateService(ServiceDescriptor descriptor)
   --- End of inner exception stack trace ---
   at Microsoft.Extensions.DependencyInjection.ServiceProvider.ValidateService(ServiceDescriptor descriptor)
   at Microsoft.Extensions.DependencyInjection.ServiceProvider..ctor(ICollection`1 serviceDescriptors, ServiceProviderOptions options)<---

 ---> (Inner Exception #9) System.InvalidOperationException: Error while validating the service descriptor 'ServiceType: MediatR.IRequestHandler`2[Rafeek.Application.Handlers.UploaderHandlers.Commands.UpdateImage.UpdateImageCommand,System.String] Lifetime: Transient ImplementationType: Rafeek.Application.Handlers.UploaderHandlers.Commands.UpdateImage.UpdateImageCommandHandler': Unable to resolve service for type 'Rafeek.Application.Common.Services.UploadPerformanceLogger' while attempting to activate 'Rafeek.Application.Common.Services.ImageValidator'.
 ---> System.InvalidOperationException: Unable to resolve service for type 'Rafeek.Application.Common.Services.UploadPerformanceLogger' while attempting to activate 'Rafeek.Application.Common.Services.ImageValidator'.
   at Microsoft.Extensions.DependencyInjection.ServiceLookup.CallSiteFactory.CreateArgumentCallSites(ServiceIdentifier serviceIdentifier, Type implementationType, CallSiteChain callSiteChain, ParameterInfo[] parameters, Boolean throwIfCallSiteNotFound)
   at Microsoft.Extensions.DependencyInjection.ServiceLookup.CallSiteFactory.CreateConstructorCallSite(ResultCache lifetime, ServiceIdentifier serviceIdentifier, Type implementationType, CallSiteChain callSiteChain)
   at Microsoft.Extensions.DependencyInjection.ServiceLookup.CallSiteFactory.TryCreateExact(ServiceDescriptor descriptor, ServiceIdentifier serviceIdentifier, CallSiteChain callSiteChain, Int32 slot)
   at Microsoft.Extensions.DependencyInjection.ServiceLookup.CallSiteFactory.TryCreateExact(ServiceIdentifier serviceIdentifier, CallSiteChain callSiteChain)
   at Microsoft.Extensions.DependencyInjection.ServiceLookup.CallSiteFactory.CreateCallSite(ServiceIdentifier serviceIdentifier, CallSiteChain callSiteChain)
   at Microsoft.Extensions.DependencyInjection.ServiceLookup.CallSiteFactory.CreateArgumentCallSites(ServiceIdentifier serviceIdentifier, Type implementationType, CallSiteChain callSiteChain, ParameterInfo[] parameters, Boolean throwIfCallSiteNotFound)
   at Microsoft.Extensions.DependencyInjection.ServiceLookup.CallSiteFactory.CreateConstructorCallSite(ResultCache lifetime, ServiceIdentifier serviceIdentifier, Type implementationType, CallSiteChain callSiteChain)
   at Microsoft.Extensions.DependencyInjection.ServiceLookup.CallSiteFactory.TryCreateExact(ServiceDescriptor descriptor, ServiceIdentifier serviceIdentifier, CallSiteChain callSiteChain, Int32 slot)
   at Microsoft.Extensions.DependencyInjection.ServiceLookup.CallSiteFactory.GetCallSite(ServiceDescriptor serviceDescriptor, CallSiteChain callSiteChain)
   at Microsoft.Extensions.DependencyInjection.ServiceProvider.ValidateService(ServiceDescriptor descriptor)
   --- End of inner exception stack trace ---
   at Microsoft.Extensions.DependencyInjection.ServiceProvider.ValidateService(ServiceDescriptor descriptor)
   at Microsoft.Extensions.DependencyInjection.ServiceProvider..ctor(ICollection`1 serviceDescriptors, ServiceProviderOptions options)<---

 ---> (Inner Exception #10) System.InvalidOperationException: Error while validating the service descriptor 'ServiceType: MediatR.IRequestHandler`2[Rafeek.Application.Handlers.UploaderHandlers.Commands.DownloadFile.DownloadFileCommand,System.String] Lifetime: Transient ImplementationType: Rafeek.Application.Handlers.UploaderHandlers.Commands.DownloadFile.DownloadFileCommandHandler': Unable to resolve service for type 'Rafeek.Application.Common.Services.UploadPerformanceLogger' while attempting to activate 'Rafeek.Application.Common.Services.FileValidator'.
 ---> System.InvalidOperationException: Unable to resolve service for type 'Rafeek.Application.Common.Services.UploadPerformanceLogger' while attempting to activate 'Rafeek.Application.Common.Services.FileValidator'.
   at Microsoft.Extensions.DependencyInjection.ServiceLookup.CallSiteFactory.CreateArgumentCallSites(ServiceIdentifier serviceIdentifier, Type implementationType, CallSiteChain callSiteChain, ParameterInfo[] parameters, Boolean throwIfCallSiteNotFound)
   at Microsoft.Extensions.DependencyInjection.ServiceLookup.CallSiteFactory.CreateConstructorCallSite(ResultCache lifetime, ServiceIdentifier serviceIdentifier, Type implementationType, CallSiteChain callSiteChain)
   at Microsoft.Extensions.DependencyInjection.ServiceLookup.CallSiteFactory.TryCreateExact(ServiceDescriptor descriptor, ServiceIdentifier serviceIdentifier, CallSiteChain callSiteChain, Int32 slot)
   at Microsoft.Extensions.DependencyInjection.ServiceLookup.CallSiteFactory.TryCreateExact(ServiceIdentifier serviceIdentifier, CallSiteChain callSiteChain)
   at Microsoft.Extensions.DependencyInjection.ServiceLookup.CallSiteFactory.CreateCallSite(ServiceIdentifier serviceIdentifier, CallSiteChain callSiteChain)
   at Microsoft.Extensions.DependencyInjection.ServiceLookup.CallSiteFactory.CreateArgumentCallSites(ServiceIdentifier serviceIdentifier, Type implementationType, CallSiteChain callSiteChain, ParameterInfo[] parameters, Boolean throwIfCallSiteNotFound)
   at Microsoft.Extensions.DependencyInjection.ServiceLookup.CallSiteFactory.CreateConstructorCallSite(ResultCache lifetime, ServiceIdentifier serviceIdentifier, Type implementationType, CallSiteChain callSiteChain)
   at Microsoft.Extensions.DependencyInjection.ServiceLookup.CallSiteFactory.TryCreateExact(ServiceDescriptor descriptor, ServiceIdentifier serviceIdentifier, CallSiteChain callSiteChain, Int32 slot)
   at Microsoft.Extensions.DependencyInjection.ServiceLookup.CallSiteFactory.GetCallSite(ServiceDescriptor serviceDescriptor, CallSiteChain callSiteChain)
   at Microsoft.Extensions.DependencyInjection.ServiceProvider.ValidateService(ServiceDescriptor descriptor)
   --- End of inner exception stack trace ---
   at Microsoft.Extensions.DependencyInjection.ServiceProvider.ValidateService(ServiceDescriptor descriptor)
   at Microsoft.Extensions.DependencyInjection.ServiceProvider..ctor(ICollection`1 serviceDescriptors, ServiceProviderOptions options)<---

 ---> (Inner Exception #11) System.InvalidOperationException: Error while validating the service descriptor 'ServiceType: Rafeek.Application.Common.Interfaces.IImageValidator Lifetime: Scoped ImplementationType: Rafeek.Application.Common.Services.ImageValidator': Unable to resolve service for type 'Rafeek.Application.Common.Services.UploadPerformanceLogger' while attempting to activate 'Rafeek.Application.Common.Services.ImageValidator'.
 ---> System.InvalidOperationException: Unable to resolve service for type 'Rafeek.Application.Common.Services.UploadPerformanceLogger' while attempting to activate 'Rafeek.Application.Common.Services.ImageValidator'.
   at Microsoft.Extensions.DependencyInjection.ServiceLookup.CallSiteFactory.CreateArgumentCallSites(ServiceIdentifier serviceIdentifier, Type implementationType, CallSiteChain callSiteChain, ParameterInfo[] parameters, Boolean throwIfCallSiteNotFound)
   at Microsoft.Extensions.DependencyInjection.ServiceLookup.CallSiteFactory.CreateConstructorCallSite(ResultCache lifetime, ServiceIdentifier serviceIdentifier, Type implementationType, CallSiteChain callSiteChain)
   at Microsoft.Extensions.DependencyInjection.ServiceLookup.CallSiteFactory.TryCreateExact(ServiceDescriptor descriptor, ServiceIdentifier serviceIdentifier, CallSiteChain callSiteChain, Int32 slot)
   at Microsoft.Extensions.DependencyInjection.ServiceLookup.CallSiteFactory.GetCallSite(ServiceDescriptor serviceDescriptor, CallSiteChain callSiteChain)
   at Microsoft.Extensions.DependencyInjection.ServiceProvider.ValidateService(ServiceDescriptor descriptor)
   --- End of inner exception stack trace ---
   at Microsoft.Extensions.DependencyInjection.ServiceProvider.ValidateService(ServiceDescriptor descriptor)
   at Microsoft.Extensions.DependencyInjection.ServiceProvider..ctor(ICollection`1 serviceDescriptors, ServiceProviderOptions options)<---

 ---> (Inner Exception #12) System.InvalidOperationException: Error while validating the service descriptor 'ServiceType: Rafeek.Application.Common.Interfaces.IVideoValidator Lifetime: Scoped ImplementationType: Rafeek.Application.Common.Services.VideoValidator': Unable to resolve service for type 'Rafeek.Application.Common.Services.UploadPerformanceLogger' while attempting to activate 'Rafeek.Application.Common.Services.VideoValidator'.
 ---> System.InvalidOperationException: Unable to resolve service for type 'Rafeek.Application.Common.Services.UploadPerformanceLogger' while attempting to activate 'Rafeek.Application.Common.Services.VideoValidator'.
   at Microsoft.Extensions.DependencyInjection.ServiceLookup.CallSiteFactory.CreateArgumentCallSites(ServiceIdentifier serviceIdentifier, Type implementationType, CallSiteChain callSiteChain, ParameterInfo[] parameters, Boolean throwIfCallSiteNotFound)
   at Microsoft.Extensions.DependencyInjection.ServiceLookup.CallSiteFactory.CreateConstructorCallSite(ResultCache lifetime, ServiceIdentifier serviceIdentifier, Type implementationType, CallSiteChain callSiteChain)
   at Microsoft.Extensions.DependencyInjection.ServiceLookup.CallSiteFactory.TryCreateExact(ServiceDescriptor descriptor, ServiceIdentifier serviceIdentifier, CallSiteChain callSiteChain, Int32 slot)
   at Microsoft.Extensions.DependencyInjection.ServiceLookup.CallSiteFactory.GetCallSite(ServiceDescriptor serviceDescriptor, CallSiteChain callSiteChain)
   at Microsoft.Extensions.DependencyInjection.ServiceProvider.ValidateService(ServiceDescriptor descriptor)
   --- End of inner exception stack trace ---
   at Microsoft.Extensions.DependencyInjection.ServiceProvider.ValidateService(ServiceDescriptor descriptor)
   at Microsoft.Extensions.DependencyInjection.ServiceProvider..ctor(ICollection`1 serviceDescriptors, ServiceProviderOptions options)<---

 ---> (Inner Exception #13) System.InvalidOperationException: Error while validating the service descriptor 'ServiceType: Rafeek.Application.Common.Interfaces.IAudioValidator Lifetime: Scoped ImplementationType: Rafeek.Application.Common.Services.AudioValidator': Unable to resolve service for type 'Rafeek.Application.Common.Services.UploadPerformanceLogger' while attempting to activate 'Rafeek.Application.Common.Services.AudioValidator'.
 ---> System.InvalidOperationException: Unable to resolve service for type 'Rafeek.Application.Common.Services.UploadPerformanceLogger' while attempting to activate 'Rafeek.Application.Common.Services.AudioValidator'.
   at Microsoft.Extensions.DependencyInjection.ServiceLookup.CallSiteFactory.CreateArgumentCallSites(ServiceIdentifier serviceIdentifier, Type implementationType, CallSiteChain callSiteChain, ParameterInfo[] parameters, Boolean throwIfCallSiteNotFound)
   at Microsoft.Extensions.DependencyInjection.ServiceLookup.CallSiteFactory.CreateConstructorCallSite(ResultCache lifetime, ServiceIdentifier serviceIdentifier, Type implementationType, CallSiteChain callSiteChain)
   at Microsoft.Extensions.DependencyInjection.ServiceLookup.CallSiteFactory.TryCreateExact(ServiceDescriptor descriptor, ServiceIdentifier serviceIdentifier, CallSiteChain callSiteChain, Int32 slot)
   at Microsoft.Extensions.DependencyInjection.ServiceLookup.CallSiteFactory.GetCallSite(ServiceDescriptor serviceDescriptor, CallSiteChain callSiteChain)
   at Microsoft.Extensions.DependencyInjection.ServiceProvider.ValidateService(ServiceDescriptor descriptor)
   --- End of inner exception stack trace ---
   at Microsoft.Extensions.DependencyInjection.ServiceProvider.ValidateService(ServiceDescriptor descriptor)
   at Microsoft.Extensions.DependencyInjection.ServiceProvider..ctor(ICollection`1 serviceDescriptors, ServiceProviderOptions options)<---

 ---> (Inner Exception #14) System.InvalidOperationException: Error while validating the service descriptor 'ServiceType: Rafeek.Application.Common.Interfaces.IFileValidator Lifetime: Scoped ImplementationType: Rafeek.Application.Common.Services.FileValidator': Unable to resolve service for type 'Rafeek.Application.Common.Services.UploadPerformanceLogger' while attempting to activate 'Rafeek.Application.Common.Services.FileValidator'.
 ---> System.InvalidOperationException: Unable to resolve service for type 'Rafeek.Application.Common.Services.UploadPerformanceLogger' while attempting to activate 'Rafeek.Application.Common.Services.FileValidator'.
   at Microsoft.Extensions.DependencyInjection.ServiceLookup.CallSiteFactory.CreateArgumentCallSites(ServiceIdentifier serviceIdentifier, Type implementationType, CallSiteChain callSiteChain, ParameterInfo[] parameters, Boolean throwIfCallSiteNotFound)
   at Microsoft.Extensions.DependencyInjection.ServiceLookup.CallSiteFactory.CreateConstructorCallSite(ResultCache lifetime, ServiceIdentifier serviceIdentifier, Type implementationType, CallSiteChain callSiteChain)
   at Microsoft.Extensions.DependencyInjection.ServiceLookup.CallSiteFactory.TryCreateExact(ServiceDescriptor descriptor, ServiceIdentifier serviceIdentifier, CallSiteChain callSiteChain, Int32 slot)
   at Microsoft.Extensions.DependencyInjection.ServiceLookup.CallSiteFactory.GetCallSite(ServiceDescriptor serviceDescriptor, CallSiteChain callSiteChain)
   at Microsoft.Extensions.DependencyInjection.ServiceProvider.ValidateService(ServiceDescriptor descriptor)
   --- End of inner exception stack trace ---
   at Microsoft.Extensions.DependencyInjection.ServiceProvider.ValidateService(ServiceDescriptor descriptor)
   at Microsoft.Extensions.DependencyInjection.ServiceProvider..ctor(ICollection`1 serviceDescriptors, ServiceProviderOptions options)<---
|url: |action: 
