2026-01-24 00:20:24.7427||INFO|Rafeek.API.Program|Application starting up 
2026-01-24 00:25:34.0967||INFO|Rafeek.API.Program|Application starting up 
2026-01-24 00:40:08.8297||INFO|Rafeek.API.Program|Application starting up 
2026-01-24 00:40:11.1978|6|FATAL|Microsoft.AspNetCore.Hosting.Diagnostics|Application startup exception System.InvalidOperationException: Unable to resolve service for type 'AspNetCoreRateLimit.IProcessingStrategy' while attempting to activate 'AspNetCoreRateLimit.IpRateLimitMiddleware'.
   at Microsoft.Extensions.Internal.ActivatorUtilities.ConstructorMatcher.CreateInstance(IServiceProvider provider)
   at Microsoft.Extensions.Internal.ActivatorUtilities.CreateInstance(IServiceProvider provider, Type instanceType, Object[] parameters)
   at Microsoft.AspNetCore.Builder.UseMiddlewareExtensions.ReflectionMiddlewareBinder.CreateMiddleware(RequestDelegate next)
   at Microsoft.AspNetCore.Builder.ApplicationBuilder.Build()
   at Microsoft.AspNetCore.Builder.ApplicationBuilder.Build()
   at Microsoft.AspNetCore.Hosting.GenericWebHostService.StartAsync(CancellationToken cancellationToken)
2026-01-24 00:40:11.3310|11|ERROR|Microsoft.Extensions.Hosting.Internal.Host|Hosting failed to start System.InvalidOperationException: Unable to resolve service for type 'AspNetCoreRateLimit.IProcessingStrategy' while attempting to activate 'AspNetCoreRateLimit.IpRateLimitMiddleware'.
   at Microsoft.Extensions.Internal.ActivatorUtilities.ConstructorMatcher.CreateInstance(IServiceProvider provider)
   at Microsoft.Extensions.Internal.ActivatorUtilities.CreateInstance(IServiceProvider provider, Type instanceType, Object[] parameters)
   at Microsoft.AspNetCore.Builder.UseMiddlewareExtensions.ReflectionMiddlewareBinder.CreateMiddleware(RequestDelegate next)
   at Microsoft.AspNetCore.Builder.ApplicationBuilder.Build()
   at Microsoft.AspNetCore.Builder.ApplicationBuilder.Build()
   at Microsoft.AspNetCore.Hosting.GenericWebHostService.StartAsync(CancellationToken cancellationToken)
   at Microsoft.Extensions.Hosting.Internal.Host.<StartAsync>b__15_1(IHostedService service, CancellationToken token)
   at Microsoft.Extensions.Hosting.Internal.Host.ForeachService[T](IEnumerable`1 services, CancellationToken token, Boolean concurrent, Boolean abortOnFirstException, List`1 exceptions, Func`3 operation)
2026-01-24 00:40:11.8868||ERROR|Rafeek.API.Program|Application stopped because of exception System.InvalidOperationException: Unable to resolve service for type 'AspNetCoreRateLimit.IProcessingStrategy' while attempting to activate 'AspNetCoreRateLimit.IpRateLimitMiddleware'.
   at Microsoft.Extensions.Internal.ActivatorUtilities.ConstructorMatcher.CreateInstance(IServiceProvider provider)
   at Microsoft.Extensions.Internal.ActivatorUtilities.CreateInstance(IServiceProvider provider, Type instanceType, Object[] parameters)
   at Microsoft.AspNetCore.Builder.UseMiddlewareExtensions.ReflectionMiddlewareBinder.CreateMiddleware(RequestDelegate next)
   at Microsoft.AspNetCore.Builder.ApplicationBuilder.Build()
   at Microsoft.AspNetCore.Builder.ApplicationBuilder.Build()
   at Microsoft.AspNetCore.Hosting.GenericWebHostService.StartAsync(CancellationToken cancellationToken)
   at Microsoft.Extensions.Hosting.Internal.Host.<StartAsync>b__15_1(IHostedService service, CancellationToken token)
   at Microsoft.Extensions.Hosting.Internal.Host.ForeachService[T](IEnumerable`1 services, CancellationToken token, Boolean concurrent, Boolean abortOnFirstException, List`1 exceptions, Func`3 operation)
   at Microsoft.Extensions.Hosting.Internal.Host.StartAsync(CancellationToken cancellationToken)
   at Microsoft.Extensions.Hosting.HostingAbstractionsHostExtensions.RunAsync(IHost host, CancellationToken token)
   at Microsoft.Extensions.Hosting.HostingAbstractionsHostExtensions.RunAsync(IHost host, CancellationToken token)
   at Microsoft.Extensions.Hosting.HostingAbstractionsHostExtensions.Run(IHost host)
   at Rafeek.API.Program.Main(String[] args) in E:\Rafeek\Rafeek.API\Program.cs:line 339
2026-01-24 00:40:20.0912||INFO|Rafeek.API.Program|Application starting up 
2026-01-24 00:40:21.2734|6|FATAL|Microsoft.AspNetCore.Hosting.Diagnostics|Application startup exception System.InvalidOperationException: Unable to resolve service for type 'AspNetCoreRateLimit.IProcessingStrategy' while attempting to activate 'AspNetCoreRateLimit.IpRateLimitMiddleware'.
   at Microsoft.Extensions.Internal.ActivatorUtilities.ConstructorMatcher.CreateInstance(IServiceProvider provider)
   at Microsoft.Extensions.Internal.ActivatorUtilities.CreateInstance(IServiceProvider provider, Type instanceType, Object[] parameters)
   at Microsoft.AspNetCore.Builder.UseMiddlewareExtensions.ReflectionMiddlewareBinder.CreateMiddleware(RequestDelegate next)
   at Microsoft.AspNetCore.Builder.ApplicationBuilder.Build()
   at Microsoft.AspNetCore.Builder.ApplicationBuilder.Build()
   at Microsoft.AspNetCore.Hosting.GenericWebHostService.StartAsync(CancellationToken cancellationToken)
2026-01-24 00:40:21.3376|11|ERROR|Microsoft.Extensions.Hosting.Internal.Host|Hosting failed to start System.InvalidOperationException: Unable to resolve service for type 'AspNetCoreRateLimit.IProcessingStrategy' while attempting to activate 'AspNetCoreRateLimit.IpRateLimitMiddleware'.
   at Microsoft.Extensions.Internal.ActivatorUtilities.ConstructorMatcher.CreateInstance(IServiceProvider provider)
   at Microsoft.Extensions.Internal.ActivatorUtilities.CreateInstance(IServiceProvider provider, Type instanceType, Object[] parameters)
   at Microsoft.AspNetCore.Builder.UseMiddlewareExtensions.ReflectionMiddlewareBinder.CreateMiddleware(RequestDelegate next)
   at Microsoft.AspNetCore.Builder.ApplicationBuilder.Build()
   at Microsoft.AspNetCore.Builder.ApplicationBuilder.Build()
   at Microsoft.AspNetCore.Hosting.GenericWebHostService.StartAsync(CancellationToken cancellationToken)
   at Microsoft.Extensions.Hosting.Internal.Host.<StartAsync>b__15_1(IHostedService service, CancellationToken token)
   at Microsoft.Extensions.Hosting.Internal.Host.ForeachService[T](IEnumerable`1 services, CancellationToken token, Boolean concurrent, Boolean abortOnFirstException, List`1 exceptions, Func`3 operation)
2026-01-24 00:40:21.4143||ERROR|Rafeek.API.Program|Application stopped because of exception System.InvalidOperationException: Unable to resolve service for type 'AspNetCoreRateLimit.IProcessingStrategy' while attempting to activate 'AspNetCoreRateLimit.IpRateLimitMiddleware'.
   at Microsoft.Extensions.Internal.ActivatorUtilities.ConstructorMatcher.CreateInstance(IServiceProvider provider)
   at Microsoft.Extensions.Internal.ActivatorUtilities.CreateInstance(IServiceProvider provider, Type instanceType, Object[] parameters)
   at Microsoft.AspNetCore.Builder.UseMiddlewareExtensions.ReflectionMiddlewareBinder.CreateMiddleware(RequestDelegate next)
   at Microsoft.AspNetCore.Builder.ApplicationBuilder.Build()
   at Microsoft.AspNetCore.Builder.ApplicationBuilder.Build()
   at Microsoft.AspNetCore.Hosting.GenericWebHostService.StartAsync(CancellationToken cancellationToken)
   at Microsoft.Extensions.Hosting.Internal.Host.<StartAsync>b__15_1(IHostedService service, CancellationToken token)
   at Microsoft.Extensions.Hosting.Internal.Host.ForeachService[T](IEnumerable`1 services, CancellationToken token, Boolean concurrent, Boolean abortOnFirstException, List`1 exceptions, Func`3 operation)
   at Microsoft.Extensions.Hosting.Internal.Host.StartAsync(CancellationToken cancellationToken)
   at Microsoft.Extensions.Hosting.HostingAbstractionsHostExtensions.RunAsync(IHost host, CancellationToken token)
   at Microsoft.Extensions.Hosting.HostingAbstractionsHostExtensions.RunAsync(IHost host, CancellationToken token)
   at Microsoft.Extensions.Hosting.HostingAbstractionsHostExtensions.Run(IHost host)
   at Rafeek.API.Program.Main(String[] args) in E:\Rafeek\Rafeek.API\Program.cs:line 339
2026-01-24 00:46:20.2676||INFO|Rafeek.API.Program|Application starting up 
2026-01-24 01:05:27.7329||INFO|Rafeek.API.Program|Application starting up 
2026-01-24 01:06:05.8085|13|ERROR|Microsoft.AspNetCore.Server.Kestrel|Connection id "0HNIQQFJGKHSB", Request id "0HNIQQFJGKHSB:0000000D": An unhandled exception was thrown by the application. System.IO.IOException: There is not enough space on the disk.
   at Microsoft.Win32.SafeHandles.SafeFileHandle.OverlappedValueTaskSource.GetResult(Int16 token)
   at Microsoft.Win32.SafeHandles.SafeFileHandle.OverlappedValueTaskSource.System.Threading.Tasks.Sources.IValueTaskSource.GetResult(Int16 token)
   at System.IO.Strategies.BufferedFileStreamStrategy.FlushAsyncInternal(CancellationToken cancellationToken)
   at System.IO.Strategies.BufferedFileStreamStrategy.DisposeAsync()
   at System.IO.Strategies.BufferedFileStreamStrategy.DisposeAsync()
   at System.IO.FileStream.DisposeAsync()
   at Microsoft.AspNetCore.WebUtilities.FileBufferingReadStream.DisposeAsync()
   at Microsoft.AspNetCore.Server.Kestrel.Core.Internal.Http.HttpProtocol.<FireOnCompleted>g__ProcessEvents|242_0(HttpProtocol protocol, Stack`1 events)
2026-01-24 01:06:32.0459|13|ERROR|Microsoft.AspNetCore.Server.Kestrel|Connection id "0HNIQQFJGKHSB", Request id "0HNIQQFJGKHSB:0000000F": An unhandled exception was thrown by the application. System.IO.IOException: There is not enough space on the disk.
   at Microsoft.Win32.SafeHandles.SafeFileHandle.OverlappedValueTaskSource.GetResult(Int16 token)
   at Microsoft.Win32.SafeHandles.SafeFileHandle.OverlappedValueTaskSource.System.Threading.Tasks.Sources.IValueTaskSource.GetResult(Int16 token)
   at System.IO.Strategies.BufferedFileStreamStrategy.FlushAsyncInternal(CancellationToken cancellationToken)
   at System.IO.Strategies.BufferedFileStreamStrategy.DisposeAsync()
   at System.IO.Strategies.BufferedFileStreamStrategy.DisposeAsync()
   at System.IO.FileStream.DisposeAsync()
   at Microsoft.AspNetCore.WebUtilities.FileBufferingReadStream.DisposeAsync()
   at Microsoft.AspNetCore.Server.Kestrel.Core.Internal.Http.HttpProtocol.<FireOnCompleted>g__ProcessEvents|242_0(HttpProtocol protocol, Stack`1 events)
2026-01-24 01:08:33.4607||INFO|Rafeek.API.Program|Application starting up 
